<html>
<head>
<title>TestNG:  Test</title>
<link href="../testng.css" rel="stylesheet" type="text/css" />
<link href="../my-testng.css" rel="stylesheet" type="text/css" />

<style type="text/css">
.log { display: none;} 
.stack-trace { display: none;} 
</style>
<script type="text/javascript">
<!--
function flip(e) {
  current = e.style.display;
  if (current == 'block') {
    e.style.display = 'none';
    return 0;
  }
  else {
    e.style.display = 'block';
    return 1;
  }
}

function toggleBox(szDivId, elem, msg1, msg2)
{
  var res = -1;  if (document.getElementById) {
    res = flip(document.getElementById(szDivId));
  }
  else if (document.all) {
    // this is the way old msie versions work
    res = flip(document.all[szDivId]);
  }
  if(elem) {
    if(res == 0) elem.innerHTML = msg1; else elem.innerHTML = msg2;
  }

}

function toggleAllBoxes() {
  if (document.getElementsByTagName) {
    d = document.getElementsByTagName('div');
    for (i = 0; i < d.length; i++) {
      if (d[i].className == 'log') {
        flip(d[i]);
      }
    }
  }
}

// -->
</script>

</head>
<body>
<h2 align='center'>Test</h2><table border='1' align="center">
<tr>
<td>Tests passed/Failed/Skipped:</td><td>44/5/0</td>
</tr><tr>
<td>Started on:</td><td>Thu May 05 15:41:02 IST 2022</td>
</tr>
<tr><td>Total time:</td><td>1297 seconds (1297625 ms)</td>
</tr><tr>
<td>Included groups:</td><td></td>
</tr><tr>
<td>Excluded groups:</td><td></td>
</tr>
</table><p/>
<small><i>(Hover the method name to see the test class name)</i></small><p/>
<table width='100%' border='1' class='invocation-failed'>
<tr><td colspan='4' align='center'><b>FAILED TESTS</b></td></tr>
<tr><td><b>Test method</b></td>
<td width="30%"><b>Exception</b></td>
<td width="10%"><b>Time (seconds)</b></td>
<td><b>Instance</b></td>
</tr>
<tr>
<td title='com.uitesting.runner.TestRunner.runScenario()'><b>runScenario</b><br>Test class: com.uitesting.runner.TestRunner<br>Test method: Runs Cucumber Scenarios<br>Parameters: "verify Admin login Page title", "Admin Back End"</td>
<td><div><pre>java.lang.AssertionError: expected [https://www.phptravels.net/api/admin] but found [null]
	at com.uitesting.stepdefintions.AdminTestSteps.check_admin_login_page_url_should_be(AdminTestSteps.java:36)
	at ?.check admin login page url should be &apos;https://www.phptravels.net/api/admin&apos;(file:///D:/eclipse-java-2022-03%20workspace/ui_t5/src/test/resources/features/Admin.feature:8)
... Removed 6 stack frames</pre></div><a href='#' onClick='toggleBox("stack-trace1372817363", this, "Click to show all stack frames", "Click to hide stack frames")'>Click to show all stack frames</a>
<div class='stack-trace' id='stack-trace1372817363'><pre>java.lang.AssertionError: expected [https://www.phptravels.net/api/admin] but found [null]
	at org.testng.Assert.fail(Assert.java:97)
	at org.testng.Assert.failNotEquals(Assert.java:969)
	at org.testng.Assert.assertEqualsImpl(Assert.java:131)
	at org.testng.Assert.assertEquals(Assert.java:118)
	at org.testng.Assert.assertEquals(Assert.java:575)
	at org.testng.Assert.assertEquals(Assert.java:585)
	at com.uitesting.stepdefintions.AdminTestSteps.check_admin_login_page_url_should_be(AdminTestSteps.java:36)
	at ?.check admin login page url should be &apos;https://www.phptravels.net/api/admin&apos;(file:///D:/eclipse-java-2022-03%20workspace/ui_t5/src/test/resources/features/Admin.feature:8)
</pre></div></td>
<td>136</td>
<td>com.uitesting.runner.TestRunner@2a54a73f</td></tr>
<tr>
<td title='com.uitesting.runner.TestRunner.runScenario()'><b>runScenario</b><br>Test class: com.uitesting.runner.TestRunner<br>Test method: Runs Cucumber Scenarios<br>Parameters: "Booking status", "Admin Back End"</td>
<td><div><pre>org.openqa.selenium.TimeoutException: Expected condition failed: waiting for visibility of element located by By.xpath: //h1[contains(text(),&apos;Dashboard&apos;)] (tried for 10 second(s) with 500 milliseconds interval)
	at org.openqa.selenium.support.ui.WebDriverWait.timeoutException(WebDriverWait.java:95)
	at org.openqa.selenium.support.ui.FluentWait.until(FluentWait.java:272)
	at com.uitesting.util.PageUtil.explicitlyWait(PageUtil.java:79)
	at com.uitesting.pages.AdminBookingsPage.clickOnDahboard(AdminBookingsPage.java:104)
	at com.uitesting.stepdefintions.AdminTestSteps.the_count_on_booking_status_pending_is_less_by_one_compare_with_previous_count(AdminTestSteps.java:147)
	at ?.the count on booking status pending is less by one compare with previous count(file:///D:/eclipse-java-2022-03%20workspace/ui_t5/src/test/resources/features/Admin.feature:107)
Caused by: org.openqa.selenium.NoSuchElementException: no such element: Unable to locate element: {&quot;method&quot;:&quot;xpath&quot;,&quot;selector&quot;:&quot;//h1[contains(text(),&apos;Dashboard&apos;)]&quot;}
  (Session info: chrome=100.0.4896.127)
For documentation on this error, please visit: https://www.seleniumhq.org/exceptions/no_such_element.html
Build info: version: &apos;3.141.59&apos;, revision: &apos;e82be7d358&apos;, time: &apos;2018-11-14T08:17:03&apos;
System info: host: &apos;DESKTOP-P2B97J9&apos;, ip: &apos;192.168.1.14&apos;, os.name: &apos;Windows 10&apos;, os.arch: &apos;amd64&apos;, os.version: &apos;10.0&apos;, java.version: &apos;17.0.2&apos;
Driver info: org.openqa.selenium.chrome.ChromeDriver
Capabilities {acceptInsecureCerts: false, browserName: chrome, browserVersion: 100.0.4896.127, chrome: {chromedriverVersion: 100.0.4896.60 (6a5d10861ce8..., userDataDir: C:\Users\DELL\AppData\Local...}, goog:chromeOptions: {debuggerAddress: localhost:59736}, javascriptEnabled: true, networkConnectionEnabled: false, pageLoadStrategy: normal, platform: WINDOWS, platformName: WINDOWS, proxy: Proxy(), setWindowRect: true, strictFileInteractability: false, timeouts: {implicit: 0, pageLoad: 300000, script: 30000}, unhandledPromptBehavior: dismiss and notify, webauthn:extension:credBlob: true, webauthn:extension:largeBlob: true, webauthn:virtualAuthenticators: true}
Session ID: 3b17b23ec5ea87b21ca0633802cf144e
*** Element info: {Using=xpath, value=//h1[contains(text(),&apos;Dashboard&apos;)]}
	at org.openqa.selenium.remote.http.W3CHttpResponseCodec.createException(W3CHttpResponseCodec.java:187)
	at org.openqa.selenium.remote.http.W3CHttpResponseCodec.decode(W3CHttpResponseCodec.java:122)
	at org.openqa.selenium.remote.http.W3CHttpResponseCodec.decode(W3CHttpResponseCodec.java:49)
	at org.openqa.selenium.remote.HttpCommandExecutor.execute(HttpCommandExecutor.java:158)
	at org.openqa.selenium.remote.service.DriverCommandExecutor.execute(DriverCommandExecutor.java:83)
	at org.openqa.selenium.remote.RemoteWebDriver.execute(RemoteWebDriver.java:552)
	at org.openqa.selenium.remote.RemoteWebDriver.findElement(RemoteWebDriver.java:323)
	at org.openqa.selenium.remote.RemoteWebDriver.findElementByXPath(RemoteWebDriver.java:428)
	at org.openqa.selenium.By$ByXPath.findElement(By.java:353)
	at org.openqa.selenium.remote.RemoteWebDriver.findElement(RemoteWebDriver.java:315)
	at org.openqa.selenium.support.ui.ExpectedConditions$7.apply(ExpectedConditions.java:205)
	at org.openqa.selenium.support.ui.ExpectedConditions$7.apply(ExpectedConditions.java:201)
	at org.openqa.selenium.support.ui.FluentWait.until(FluentWait.java:249)
	at com.uitesting.util.PageUtil.explicitlyWait(PageUtil.java:79)
	at com.uitesting.pages.AdminBookingsPage.clickOnDahboard(AdminBookingsPage.java:104)
	at com.uitesting.stepdefintions.AdminTestSteps.the_count_on_booking_status_pending_is_less_by_one_compare_with_previous_count(AdminTestSteps.java:147)
	at io.cucumber.java.Invoker.invoke(Invoker.java:27)
	at io.cucumber.java.JavaStepDefinition.execute(JavaStepDefinition.java:27)
	at io.cucumber.core.runner.PickleStepDefinitionMatch.runStep(PickleStepDefinitionMatch.java:63)
	at io.cucumber.core.runner.TestStep.executeStep(TestStep.java:64)
	at io.cucumber.core.runner.TestStep.run(TestStep.java:49)
	at io.cucumber.core.runner.PickleStepTestStep.run(PickleStepTestStep.java:46)
	at io.cucumber.core.runner.TestCase.run(TestCase.java:51)
	at io.cucumber.core.runner.Runner.runPickle(Runner.java:67)
	at io.cucumber.testng.TestNGCucumberRunner.runScenario(TestNGCucumberRunner.java:124)
	at io.cucumber.testng.AbstractTestNGCucumberTests.runScenario(AbstractTestNGCucumberTests.java:29)
	at java.base/java.util.ArrayList.forEach(ArrayList.java:1511)
... Removed 36 stack frames</pre></div><a href='#' onClick='toggleBox("stack-trace1515793520", this, "Click to show all stack frames", "Click to hide stack frames")'>Click to show all stack frames</a>
<div class='stack-trace' id='stack-trace1515793520'><pre>org.openqa.selenium.TimeoutException: Expected condition failed: waiting for visibility of element located by By.xpath: //h1[contains(text(),&apos;Dashboard&apos;)] (tried for 10 second(s) with 500 milliseconds interval)
	at org.openqa.selenium.support.ui.WebDriverWait.timeoutException(WebDriverWait.java:95)
	at org.openqa.selenium.support.ui.FluentWait.until(FluentWait.java:272)
	at com.uitesting.util.PageUtil.explicitlyWait(PageUtil.java:79)
	at com.uitesting.pages.AdminBookingsPage.clickOnDahboard(AdminBookingsPage.java:104)
	at com.uitesting.stepdefintions.AdminTestSteps.the_count_on_booking_status_pending_is_less_by_one_compare_with_previous_count(AdminTestSteps.java:147)
	at ?.the count on booking status pending is less by one compare with previous count(file:///D:/eclipse-java-2022-03%20workspace/ui_t5/src/test/resources/features/Admin.feature:107)
Caused by: org.openqa.selenium.NoSuchElementException: no such element: Unable to locate element: {&quot;method&quot;:&quot;xpath&quot;,&quot;selector&quot;:&quot;//h1[contains(text(),&apos;Dashboard&apos;)]&quot;}
  (Session info: chrome=100.0.4896.127)
For documentation on this error, please visit: https://www.seleniumhq.org/exceptions/no_such_element.html
Build info: version: &apos;3.141.59&apos;, revision: &apos;e82be7d358&apos;, time: &apos;2018-11-14T08:17:03&apos;
System info: host: &apos;DESKTOP-P2B97J9&apos;, ip: &apos;192.168.1.14&apos;, os.name: &apos;Windows 10&apos;, os.arch: &apos;amd64&apos;, os.version: &apos;10.0&apos;, java.version: &apos;17.0.2&apos;
Driver info: org.openqa.selenium.chrome.ChromeDriver
Capabilities {acceptInsecureCerts: false, browserName: chrome, browserVersion: 100.0.4896.127, chrome: {chromedriverVersion: 100.0.4896.60 (6a5d10861ce8..., userDataDir: C:\Users\DELL\AppData\Local...}, goog:chromeOptions: {debuggerAddress: localhost:59736}, javascriptEnabled: true, networkConnectionEnabled: false, pageLoadStrategy: normal, platform: WINDOWS, platformName: WINDOWS, proxy: Proxy(), setWindowRect: true, strictFileInteractability: false, timeouts: {implicit: 0, pageLoad: 300000, script: 30000}, unhandledPromptBehavior: dismiss and notify, webauthn:extension:credBlob: true, webauthn:extension:largeBlob: true, webauthn:virtualAuthenticators: true}
Session ID: 3b17b23ec5ea87b21ca0633802cf144e
*** Element info: {Using=xpath, value=//h1[contains(text(),&apos;Dashboard&apos;)]}
	at java.base/jdk.internal.reflect.NativeConstructorAccessorImpl.newInstance0(Native Method)
	at java.base/jdk.internal.reflect.NativeConstructorAccessorImpl.newInstance(NativeConstructorAccessorImpl.java:77)
	at java.base/jdk.internal.reflect.DelegatingConstructorAccessorImpl.newInstance(DelegatingConstructorAccessorImpl.java:45)
	at java.base/java.lang.reflect.Constructor.newInstanceWithCaller(Constructor.java:499)
	at java.base/java.lang.reflect.Constructor.newInstance(Constructor.java:480)
	at org.openqa.selenium.remote.http.W3CHttpResponseCodec.createException(W3CHttpResponseCodec.java:187)
	at org.openqa.selenium.remote.http.W3CHttpResponseCodec.decode(W3CHttpResponseCodec.java:122)
	at org.openqa.selenium.remote.http.W3CHttpResponseCodec.decode(W3CHttpResponseCodec.java:49)
	at org.openqa.selenium.remote.HttpCommandExecutor.execute(HttpCommandExecutor.java:158)
	at org.openqa.selenium.remote.service.DriverCommandExecutor.execute(DriverCommandExecutor.java:83)
	at org.openqa.selenium.remote.RemoteWebDriver.execute(RemoteWebDriver.java:552)
	at org.openqa.selenium.remote.RemoteWebDriver.findElement(RemoteWebDriver.java:323)
	at org.openqa.selenium.remote.RemoteWebDriver.findElementByXPath(RemoteWebDriver.java:428)
	at org.openqa.selenium.By$ByXPath.findElement(By.java:353)
	at org.openqa.selenium.remote.RemoteWebDriver.findElement(RemoteWebDriver.java:315)
	at org.openqa.selenium.support.ui.ExpectedConditions$7.apply(ExpectedConditions.java:205)
	at org.openqa.selenium.support.ui.ExpectedConditions$7.apply(ExpectedConditions.java:201)
	at org.openqa.selenium.support.ui.FluentWait.until(FluentWait.java:249)
	at com.uitesting.util.PageUtil.explicitlyWait(PageUtil.java:79)
	at com.uitesting.pages.AdminBookingsPage.clickOnDahboard(AdminBookingsPage.java:104)
	at com.uitesting.stepdefintions.AdminTestSteps.the_count_on_booking_status_pending_is_less_by_one_compare_with_previous_count(AdminTestSteps.java:147)
	at java.base/jdk.internal.reflect.NativeMethodAccessorImpl.invoke0(Native Method)
	at java.base/jdk.internal.reflect.NativeMethodAccessorImpl.invoke(NativeMethodAccessorImpl.java:77)
	at java.base/jdk.internal.reflect.DelegatingMethodAccessorImpl.invoke(DelegatingMethodAccessorImpl.java:43)
	at java.base/java.lang.reflect.Method.invoke(Method.java:568)
	at io.cucumber.java.Invoker.invoke(Invoker.java:27)
	at io.cucumber.java.JavaStepDefinition.execute(JavaStepDefinition.java:27)
	at io.cucumber.core.runner.PickleStepDefinitionMatch.runStep(PickleStepDefinitionMatch.java:63)
	at io.cucumber.core.runner.TestStep.executeStep(TestStep.java:64)
	at io.cucumber.core.runner.TestStep.run(TestStep.java:49)
	at io.cucumber.core.runner.PickleStepTestStep.run(PickleStepTestStep.java:46)
	at io.cucumber.core.runner.TestCase.run(TestCase.java:51)
	at io.cucumber.core.runner.Runner.runPickle(Runner.java:67)
	at io.cucumber.testng.TestNGCucumberRunner.runScenario(TestNGCucumberRunner.java:124)
	at io.cucumber.testng.AbstractTestNGCucumberTests.runScenario(AbstractTestNGCucumberTests.java:29)
	at java.base/jdk.internal.reflect.NativeMethodAccessorImpl.invoke0(Native Method)
	at java.base/jdk.internal.reflect.NativeMethodAccessorImpl.invoke(NativeMethodAccessorImpl.java:77)
	at java.base/jdk.internal.reflect.DelegatingMethodAccessorImpl.invoke(DelegatingMethodAccessorImpl.java:43)
	at java.base/java.lang.reflect.Method.invoke(Method.java:568)
	at org.testng.internal.MethodInvocationHelper.invokeMethod(MethodInvocationHelper.java:134)
	at org.testng.internal.TestInvoker.invokeMethod(TestInvoker.java:597)
	at org.testng.internal.TestInvoker.invokeTestMethod(TestInvoker.java:173)
	at org.testng.internal.MethodRunner.runInSequence(MethodRunner.java:46)
	at org.testng.internal.TestInvoker$MethodInvocationAgent.invoke(TestInvoker.java:816)
	at org.testng.internal.TestInvoker.invokeTestMethods(TestInvoker.java:146)
	at org.testng.internal.TestMethodWorker.invokeTestMethods(TestMethodWorker.java:146)
	at org.testng.internal.TestMethodWorker.run(TestMethodWorker.java:128)
	at java.base/java.util.ArrayList.forEach(ArrayList.java:1511)
	at org.testng.TestRunner.privateRun(TestRunner.java:766)
	at org.testng.TestRunner.run(TestRunner.java:587)
	at org.testng.SuiteRunner.runTest(SuiteRunner.java:384)
	at org.testng.SuiteRunner.runSequentially(SuiteRunner.java:378)
	at org.testng.SuiteRunner.privateRun(SuiteRunner.java:337)
	at org.testng.SuiteRunner.run(SuiteRunner.java:286)
	at org.testng.SuiteRunnerWorker.runSuite(SuiteRunnerWorker.java:53)
	at org.testng.SuiteRunnerWorker.run(SuiteRunnerWorker.java:96)
	at org.testng.TestNG.runSuitesSequentially(TestNG.java:1187)
	at org.testng.TestNG.runSuitesLocally(TestNG.java:1109)
	at org.testng.TestNG.runSuites(TestNG.java:1039)
	at org.testng.TestNG.run(TestNG.java:1007)
	at org.testng.remote.AbstractRemoteTestNG.run(AbstractRemoteTestNG.java:115)
	at org.testng.remote.RemoteTestNG.initAndRun(RemoteTestNG.java:251)
	at org.testng.remote.RemoteTestNG.main(RemoteTestNG.java:77)
</pre></div></td>
<td>108</td>
<td>com.uitesting.runner.TestRunner@2a54a73f</td></tr>
<tr>
<td title='com.uitesting.runner.TestRunner.runScenario()'><b>runScenario</b><br>Test class: com.uitesting.runner.TestRunner<br>Test method: Runs Cucumber Scenarios<br>Parameters: "Delete Bookings With Booking Status Cancelled", "Admin Back End"</td>
<td><div><pre>org.openqa.selenium.NoAlertPresentException: no such alert
  (Session info: chrome=100.0.4896.127)
Build info: version: &apos;3.141.59&apos;, revision: &apos;e82be7d358&apos;, time: &apos;2018-11-14T08:17:03&apos;
System info: host: &apos;DESKTOP-P2B97J9&apos;, ip: &apos;192.168.1.14&apos;, os.name: &apos;Windows 10&apos;, os.arch: &apos;amd64&apos;, os.version: &apos;10.0&apos;, java.version: &apos;17.0.2&apos;
Driver info: org.openqa.selenium.chrome.ChromeDriver
Capabilities {acceptInsecureCerts: false, browserName: chrome, browserVersion: 100.0.4896.127, chrome: {chromedriverVersion: 100.0.4896.60 (6a5d10861ce8..., userDataDir: C:\Users\DELL\AppData\Local...}, goog:chromeOptions: {debuggerAddress: localhost:59838}, javascriptEnabled: true, networkConnectionEnabled: false, pageLoadStrategy: normal, platform: WINDOWS, platformName: WINDOWS, proxy: Proxy(), setWindowRect: true, strictFileInteractability: false, timeouts: {implicit: 0, pageLoad: 300000, script: 30000}, unhandledPromptBehavior: dismiss and notify, webauthn:extension:credBlob: true, webauthn:extension:largeBlob: true, webauthn:virtualAuthenticators: true}
Session ID: 8d2710aa5c7a883bcd91b13101dfeacd
	at org.openqa.selenium.remote.http.W3CHttpResponseCodec.createException(W3CHttpResponseCodec.java:187)
	at org.openqa.selenium.remote.http.W3CHttpResponseCodec.decode(W3CHttpResponseCodec.java:122)
	at org.openqa.selenium.remote.http.W3CHttpResponseCodec.decode(W3CHttpResponseCodec.java:49)
	at org.openqa.selenium.remote.HttpCommandExecutor.execute(HttpCommandExecutor.java:158)
	at org.openqa.selenium.remote.service.DriverCommandExecutor.execute(DriverCommandExecutor.java:83)
	at org.openqa.selenium.remote.RemoteWebDriver.execute(RemoteWebDriver.java:552)
	at org.openqa.selenium.remote.RemoteWebDriver.execute(RemoteWebDriver.java:609)
	at org.openqa.selenium.remote.RemoteWebDriver$RemoteTargetLocator.alert(RemoteWebDriver.java:932)
	at com.uitesting.pages.AdminBookingsPage.alert(AdminBookingsPage.java:96)
	at com.uitesting.stepdefintions.AdminTestSteps.an_alert_is_open(AdminTestSteps.java:165)
	at ?.an alert is open(file:///D:/eclipse-java-2022-03%20workspace/ui_t5/src/test/resources/features/Admin.feature:139)
... Removed 5 stack frames</pre></div><a href='#' onClick='toggleBox("stack-trace1645618353", this, "Click to show all stack frames", "Click to hide stack frames")'>Click to show all stack frames</a>
<div class='stack-trace' id='stack-trace1645618353'><pre>org.openqa.selenium.NoAlertPresentException: no such alert
  (Session info: chrome=100.0.4896.127)
Build info: version: &apos;3.141.59&apos;, revision: &apos;e82be7d358&apos;, time: &apos;2018-11-14T08:17:03&apos;
System info: host: &apos;DESKTOP-P2B97J9&apos;, ip: &apos;192.168.1.14&apos;, os.name: &apos;Windows 10&apos;, os.arch: &apos;amd64&apos;, os.version: &apos;10.0&apos;, java.version: &apos;17.0.2&apos;
Driver info: org.openqa.selenium.chrome.ChromeDriver
Capabilities {acceptInsecureCerts: false, browserName: chrome, browserVersion: 100.0.4896.127, chrome: {chromedriverVersion: 100.0.4896.60 (6a5d10861ce8..., userDataDir: C:\Users\DELL\AppData\Local...}, goog:chromeOptions: {debuggerAddress: localhost:59838}, javascriptEnabled: true, networkConnectionEnabled: false, pageLoadStrategy: normal, platform: WINDOWS, platformName: WINDOWS, proxy: Proxy(), setWindowRect: true, strictFileInteractability: false, timeouts: {implicit: 0, pageLoad: 300000, script: 30000}, unhandledPromptBehavior: dismiss and notify, webauthn:extension:credBlob: true, webauthn:extension:largeBlob: true, webauthn:virtualAuthenticators: true}
Session ID: 8d2710aa5c7a883bcd91b13101dfeacd
	at java.base/jdk.internal.reflect.NativeConstructorAccessorImpl.newInstance0(Native Method)
	at java.base/jdk.internal.reflect.NativeConstructorAccessorImpl.newInstance(NativeConstructorAccessorImpl.java:77)
	at java.base/jdk.internal.reflect.DelegatingConstructorAccessorImpl.newInstance(DelegatingConstructorAccessorImpl.java:45)
	at java.base/java.lang.reflect.Constructor.newInstanceWithCaller(Constructor.java:499)
	at java.base/java.lang.reflect.Constructor.newInstance(Constructor.java:480)
	at org.openqa.selenium.remote.http.W3CHttpResponseCodec.createException(W3CHttpResponseCodec.java:187)
	at org.openqa.selenium.remote.http.W3CHttpResponseCodec.decode(W3CHttpResponseCodec.java:122)
	at org.openqa.selenium.remote.http.W3CHttpResponseCodec.decode(W3CHttpResponseCodec.java:49)
	at org.openqa.selenium.remote.HttpCommandExecutor.execute(HttpCommandExecutor.java:158)
	at org.openqa.selenium.remote.service.DriverCommandExecutor.execute(DriverCommandExecutor.java:83)
	at org.openqa.selenium.remote.RemoteWebDriver.execute(RemoteWebDriver.java:552)
	at org.openqa.selenium.remote.RemoteWebDriver.execute(RemoteWebDriver.java:609)
	at org.openqa.selenium.remote.RemoteWebDriver$RemoteTargetLocator.alert(RemoteWebDriver.java:932)
	at com.uitesting.pages.AdminBookingsPage.alert(AdminBookingsPage.java:96)
	at com.uitesting.stepdefintions.AdminTestSteps.an_alert_is_open(AdminTestSteps.java:165)
	at ?.an alert is open(file:///D:/eclipse-java-2022-03%20workspace/ui_t5/src/test/resources/features/Admin.feature:139)
</pre></div></td>
<td>29</td>
<td>com.uitesting.runner.TestRunner@2a54a73f</td></tr>
<tr>
<td title='com.uitesting.runner.TestRunner.runScenario()'><b>runScenario</b><br>Test class: com.uitesting.runner.TestRunner<br>Test method: Runs Cucumber Scenarios<br>Parameters: "Extras", "Supplier Back End"</td>
<td><div><pre>org.openqa.selenium.ElementNotInteractableException: element not interactable
  (Session info: chrome=100.0.4896.127)
Build info: version: &apos;3.141.59&apos;, revision: &apos;e82be7d358&apos;, time: &apos;2018-11-14T08:17:03&apos;
System info: host: &apos;DESKTOP-P2B97J9&apos;, ip: &apos;192.168.1.14&apos;, os.name: &apos;Windows 10&apos;, os.arch: &apos;amd64&apos;, os.version: &apos;10.0&apos;, java.version: &apos;17.0.2&apos;
Driver info: org.openqa.selenium.chrome.ChromeDriver
Capabilities {acceptInsecureCerts: false, browserName: chrome, browserVersion: 100.0.4896.127, chrome: {chromedriverVersion: 100.0.4896.60 (6a5d10861ce8..., userDataDir: C:\Users\DELL\AppData\Local...}, goog:chromeOptions: {debuggerAddress: localhost:61528}, javascriptEnabled: true, networkConnectionEnabled: false, pageLoadStrategy: normal, platform: WINDOWS, platformName: WINDOWS, proxy: Proxy(), setWindowRect: true, strictFileInteractability: false, timeouts: {implicit: 0, pageLoad: 300000, script: 30000}, unhandledPromptBehavior: dismiss and notify, webauthn:extension:credBlob: true, webauthn:extension:largeBlob: true, webauthn:virtualAuthenticators: true}
Session ID: fffca30bc7851591ddb38787059a88b0
	at org.openqa.selenium.remote.http.W3CHttpResponseCodec.createException(W3CHttpResponseCodec.java:187)
	at org.openqa.selenium.remote.http.W3CHttpResponseCodec.decode(W3CHttpResponseCodec.java:122)
	at org.openqa.selenium.remote.http.W3CHttpResponseCodec.decode(W3CHttpResponseCodec.java:49)
	at org.openqa.selenium.remote.HttpCommandExecutor.execute(HttpCommandExecutor.java:158)
	at org.openqa.selenium.remote.service.DriverCommandExecutor.execute(DriverCommandExecutor.java:83)
	at org.openqa.selenium.remote.RemoteWebDriver.execute(RemoteWebDriver.java:552)
	at org.openqa.selenium.remote.RemoteWebElement.execute(RemoteWebElement.java:285)
	at org.openqa.selenium.remote.RemoteWebElement.click(RemoteWebElement.java:84)
	at com.uitesting.pages.SupplierDashboardPage.clickOnElement(SupplierDashboardPage.java:63)
	at com.uitesting.stepdefintions.SupplierTestSteps.supplier_click_on_Extras(SupplierTestSteps.java:139)
	at ?.supplier click on Extras &apos;Extras&apos;(file:///D:/eclipse-java-2022-03%20workspace/ui_t5/src/test/resources/features/Supplier.feature:106)
... Removed 5 stack frames</pre></div><a href='#' onClick='toggleBox("stack-trace660103401", this, "Click to show all stack frames", "Click to hide stack frames")'>Click to show all stack frames</a>
<div class='stack-trace' id='stack-trace660103401'><pre>org.openqa.selenium.ElementNotInteractableException: element not interactable
  (Session info: chrome=100.0.4896.127)
Build info: version: &apos;3.141.59&apos;, revision: &apos;e82be7d358&apos;, time: &apos;2018-11-14T08:17:03&apos;
System info: host: &apos;DESKTOP-P2B97J9&apos;, ip: &apos;192.168.1.14&apos;, os.name: &apos;Windows 10&apos;, os.arch: &apos;amd64&apos;, os.version: &apos;10.0&apos;, java.version: &apos;17.0.2&apos;
Driver info: org.openqa.selenium.chrome.ChromeDriver
Capabilities {acceptInsecureCerts: false, browserName: chrome, browserVersion: 100.0.4896.127, chrome: {chromedriverVersion: 100.0.4896.60 (6a5d10861ce8..., userDataDir: C:\Users\DELL\AppData\Local...}, goog:chromeOptions: {debuggerAddress: localhost:61528}, javascriptEnabled: true, networkConnectionEnabled: false, pageLoadStrategy: normal, platform: WINDOWS, platformName: WINDOWS, proxy: Proxy(), setWindowRect: true, strictFileInteractability: false, timeouts: {implicit: 0, pageLoad: 300000, script: 30000}, unhandledPromptBehavior: dismiss and notify, webauthn:extension:credBlob: true, webauthn:extension:largeBlob: true, webauthn:virtualAuthenticators: true}
Session ID: fffca30bc7851591ddb38787059a88b0
	at java.base/jdk.internal.reflect.NativeConstructorAccessorImpl.newInstance0(Native Method)
	at java.base/jdk.internal.reflect.NativeConstructorAccessorImpl.newInstance(NativeConstructorAccessorImpl.java:77)
	at java.base/jdk.internal.reflect.DelegatingConstructorAccessorImpl.newInstance(DelegatingConstructorAccessorImpl.java:45)
	at java.base/java.lang.reflect.Constructor.newInstanceWithCaller(Constructor.java:499)
	at java.base/java.lang.reflect.Constructor.newInstance(Constructor.java:480)
	at org.openqa.selenium.remote.http.W3CHttpResponseCodec.createException(W3CHttpResponseCodec.java:187)
	at org.openqa.selenium.remote.http.W3CHttpResponseCodec.decode(W3CHttpResponseCodec.java:122)
	at org.openqa.selenium.remote.http.W3CHttpResponseCodec.decode(W3CHttpResponseCodec.java:49)
	at org.openqa.selenium.remote.HttpCommandExecutor.execute(HttpCommandExecutor.java:158)
	at org.openqa.selenium.remote.service.DriverCommandExecutor.execute(DriverCommandExecutor.java:83)
	at org.openqa.selenium.remote.RemoteWebDriver.execute(RemoteWebDriver.java:552)
	at org.openqa.selenium.remote.RemoteWebElement.execute(RemoteWebElement.java:285)
	at org.openqa.selenium.remote.RemoteWebElement.click(RemoteWebElement.java:84)
	at com.uitesting.pages.SupplierDashboardPage.clickOnElement(SupplierDashboardPage.java:63)
	at com.uitesting.stepdefintions.SupplierTestSteps.supplier_click_on_Extras(SupplierTestSteps.java:139)
	at ?.supplier click on Extras &apos;Extras&apos;(file:///D:/eclipse-java-2022-03%20workspace/ui_t5/src/test/resources/features/Supplier.feature:106)
</pre></div></td>
<td>67</td>
<td>com.uitesting.runner.TestRunner@2a54a73f</td></tr>
<tr>
<td title='com.uitesting.runner.TestRunner.runScenario()'><b>runScenario</b><br>Test class: com.uitesting.runner.TestRunner<br>Test method: Runs Cucumber Scenarios<br>Parameters: "Bookings", "Supplier Back End"</td>
<td><div><pre>java.lang.AssertionError: expected [https://www.phptravels.net/api/supplier/bookings] but found [Error]
	at com.uitesting.stepdefintions.SupplierTestSteps.supplier_should_redirect_to_the_Bookings_page_with_url(SupplierTestSteps.java:155)
	at ?.supplier should redirect to the Bookings page with url &apos;https://www.phptravels.net/api/supplier/bookings&apos;(file:///D:/eclipse-java-2022-03%20workspace/ui_t5/src/test/resources/features/Supplier.feature:119)
... Removed 5 stack frames</pre></div><a href='#' onClick='toggleBox("stack-trace1047600772", this, "Click to show all stack frames", "Click to hide stack frames")'>Click to show all stack frames</a>
<div class='stack-trace' id='stack-trace1047600772'><pre>java.lang.AssertionError: expected [https://www.phptravels.net/api/supplier/bookings] but found [Error]
	at org.testng.Assert.fail(Assert.java:97)
	at org.testng.Assert.assertEqualsImpl(Assert.java:136)
	at org.testng.Assert.assertEquals(Assert.java:118)
	at org.testng.Assert.assertEquals(Assert.java:575)
	at org.testng.Assert.assertEquals(Assert.java:585)
	at com.uitesting.stepdefintions.SupplierTestSteps.supplier_should_redirect_to_the_Bookings_page_with_url(SupplierTestSteps.java:155)
	at ?.supplier should redirect to the Bookings page with url &apos;https://www.phptravels.net/api/supplier/bookings&apos;(file:///D:/eclipse-java-2022-03%20workspace/ui_t5/src/test/resources/features/Supplier.feature:119)
</pre></div></td>
<td>20</td>
<td>com.uitesting.runner.TestRunner@2a54a73f</td></tr>
</table><p>
<table width='100%' border='1' class='invocation-passed'>
<tr><td colspan='4' align='center'><b>PASSED TESTS</b></td></tr>
<tr><td><b>Test method</b></td>
<td width="30%"><b>Exception</b></td>
<td width="10%"><b>Time (seconds)</b></td>
<td><b>Instance</b></td>
</tr>
<tr>
<td title='com.uitesting.runner.TestRunner.runScenario()'><b>runScenario</b><br>Test class: com.uitesting.runner.TestRunner<br>Test method: Runs Cucumber Scenarios<br>Parameters: "verify Admin invalid login without credential", "Admin Back End"</td>
<td></td>
<td>32</td>
<td>com.uitesting.runner.TestRunner@2a54a73f</td></tr>
<tr>
<td title='com.uitesting.runner.TestRunner.runScenario()'><b>runScenario</b><br>Test class: com.uitesting.runner.TestRunner<br>Test method: Runs Cucumber Scenarios<br>Parameters: "Admin invalid login", "Admin Back End"</td>
<td></td>
<td>21</td>
<td>com.uitesting.runner.TestRunner@2a54a73f</td></tr>
<tr>
<td title='com.uitesting.runner.TestRunner.runScenario()'><b>runScenario</b><br>Test class: com.uitesting.runner.TestRunner<br>Test method: Runs Cucumber Scenarios<br>Parameters: "Admin invalid login with invalid credential", "Admin Back End"</td>
<td></td>
<td>18</td>
<td>com.uitesting.runner.TestRunner@2a54a73f</td></tr>
<tr>
<td title='com.uitesting.runner.TestRunner.runScenario()'><b>runScenario</b><br>Test class: com.uitesting.runner.TestRunner<br>Test method: Runs Cucumber Scenarios<br>Parameters: "Admin invalid login with invalid password", "Admin Back End"</td>
<td></td>
<td>17</td>
<td>com.uitesting.runner.TestRunner@2a54a73f</td></tr>
<tr>
<td title='com.uitesting.runner.TestRunner.runScenario()'><b>runScenario</b><br>Test class: com.uitesting.runner.TestRunner<br>Test method: Runs Cucumber Scenarios<br>Parameters: "Admin valid login", "Admin Back End"</td>
<td></td>
<td>23</td>
<td>com.uitesting.runner.TestRunner@2a54a73f</td></tr>
<tr>
<td title='com.uitesting.runner.TestRunner.runScenario()'><b>runScenario</b><br>Test class: com.uitesting.runner.TestRunner<br>Test method: Runs Cucumber Scenarios<br>Parameters: "Website link", "Admin Back End"</td>
<td></td>
<td>33</td>
<td>com.uitesting.runner.TestRunner@2a54a73f</td></tr>
<tr>
<td title='com.uitesting.runner.TestRunner.runScenario()'><b>runScenario</b><br>Test class: com.uitesting.runner.TestRunner<br>Test method: Runs Cucumber Scenarios<br>Parameters: "Bookings link", "Admin Back End"</td>
<td></td>
<td>31</td>
<td>com.uitesting.runner.TestRunner@2a54a73f</td></tr>
<tr>
<td title='com.uitesting.runner.TestRunner.runScenario()'><b>runScenario</b><br>Test class: com.uitesting.runner.TestRunner<br>Test method: Runs Cucumber Scenarios<br>Parameters: "Successful Payment", "Admin Back End"</td>
<td></td>
<td>29</td>
<td>com.uitesting.runner.TestRunner@2a54a73f</td></tr>
<tr>
<td title='com.uitesting.runner.TestRunner.runScenario()'><b>runScenario</b><br>Test class: com.uitesting.runner.TestRunner<br>Test method: Runs Cucumber Scenarios<br>Parameters: "front Login page title", "Agent Front End"</td>
<td></td>
<td>16</td>
<td>com.uitesting.runner.TestRunner@2a54a73f</td></tr>
<tr>
<td title='com.uitesting.runner.TestRunner.runScenario()'><b>runScenario</b><br>Test class: com.uitesting.runner.TestRunner<br>Test method: Runs Cucumber Scenarios<br>Parameters: "invalid login", "Agent Front End"</td>
<td></td>
<td>15</td>
<td>com.uitesting.runner.TestRunner@2a54a73f</td></tr>
<tr>
<td title='com.uitesting.runner.TestRunner.runScenario()'><b>runScenario</b><br>Test class: com.uitesting.runner.TestRunner<br>Test method: Runs Cucumber Scenarios<br>Parameters: "valid login", "Agent Front End"</td>
<td></td>
<td>18</td>
<td>com.uitesting.runner.TestRunner@2a54a73f</td></tr>
<tr>
<td title='com.uitesting.runner.TestRunner.runScenario()'><b>runScenario</b><br>Test class: com.uitesting.runner.TestRunner<br>Test method: Runs Cucumber Scenarios<br>Parameters: "My Bookings", "Agent Front End"</td>
<td></td>
<td>21</td>
<td>com.uitesting.runner.TestRunner@2a54a73f</td></tr>
<tr>
<td title='com.uitesting.runner.TestRunner.runScenario()'><b>runScenario</b><br>Test class: com.uitesting.runner.TestRunner<br>Test method: Runs Cucumber Scenarios<br>Parameters: "Add Funds", "Agent Front End"</td>
<td></td>
<td>24</td>
<td>com.uitesting.runner.TestRunner@2a54a73f</td></tr>
<tr>
<td title='com.uitesting.runner.TestRunner.runScenario()'><b>runScenario</b><br>Test class: com.uitesting.runner.TestRunner<br>Test method: Runs Cucumber Scenarios<br>Parameters: "My Profile", "Agent Front End"</td>
<td></td>
<td>28</td>
<td>com.uitesting.runner.TestRunner@2a54a73f</td></tr>
<tr>
<td title='com.uitesting.runner.TestRunner.runScenario()'><b>runScenario</b><br>Test class: com.uitesting.runner.TestRunner<br>Test method: Runs Cucumber Scenarios<br>Parameters: "Logout", "Agent Front End"</td>
<td></td>
<td>24</td>
<td>com.uitesting.runner.TestRunner@2a54a73f</td></tr>
<tr>
<td title='com.uitesting.runner.TestRunner.runScenario()'><b>runScenario</b><br>Test class: com.uitesting.runner.TestRunner<br>Test method: Runs Cucumber Scenarios<br>Parameters: "Home Link", "Agent Front End"</td>
<td></td>
<td>31</td>
<td>com.uitesting.runner.TestRunner@2a54a73f</td></tr>
<tr>
<td title='com.uitesting.runner.TestRunner.runScenario()'><b>runScenario</b><br>Test class: com.uitesting.runner.TestRunner<br>Test method: Runs Cucumber Scenarios<br>Parameters: "Hotel Link", "Agent Front End"</td>
<td></td>
<td>26</td>
<td>com.uitesting.runner.TestRunner@2a54a73f</td></tr>
<tr>
<td title='com.uitesting.runner.TestRunner.runScenario()'><b>runScenario</b><br>Test class: com.uitesting.runner.TestRunner<br>Test method: Runs Cucumber Scenarios<br>Parameters: "Flights Link", "Agent Front End"</td>
<td></td>
<td>27</td>
<td>com.uitesting.runner.TestRunner@2a54a73f</td></tr>
<tr>
<td title='com.uitesting.runner.TestRunner.runScenario()'><b>runScenario</b><br>Test class: com.uitesting.runner.TestRunner<br>Test method: Runs Cucumber Scenarios<br>Parameters: "Tours Link", "Agent Front End"</td>
<td></td>
<td>19</td>
<td>com.uitesting.runner.TestRunner@2a54a73f</td></tr>
<tr>
<td title='com.uitesting.runner.TestRunner.runScenario()'><b>runScenario</b><br>Test class: com.uitesting.runner.TestRunner<br>Test method: Runs Cucumber Scenarios<br>Parameters: "Visa Link", "Agent Front End"</td>
<td></td>
<td>17</td>
<td>com.uitesting.runner.TestRunner@2a54a73f</td></tr>
<tr>
<td title='com.uitesting.runner.TestRunner.runScenario()'><b>runScenario</b><br>Test class: com.uitesting.runner.TestRunner<br>Test method: Runs Cucumber Scenarios<br>Parameters: "Blog Link", "Agent Front End"</td>
<td></td>
<td>17</td>
<td>com.uitesting.runner.TestRunner@2a54a73f</td></tr>
<tr>
<td title='com.uitesting.runner.TestRunner.runScenario()'><b>runScenario</b><br>Test class: com.uitesting.runner.TestRunner<br>Test method: Runs Cucumber Scenarios<br>Parameters: "Offers Link", "Agent Front End"</td>
<td></td>
<td>16</td>
<td>com.uitesting.runner.TestRunner@2a54a73f</td></tr>
<tr>
<td title='com.uitesting.runner.TestRunner.runScenario()'><b>runScenario</b><br>Test class: com.uitesting.runner.TestRunner<br>Test method: Runs Cucumber Scenarios<br>Parameters: "Dropdown currency", "Agent Front End"</td>
<td></td>
<td>22</td>
<td>com.uitesting.runner.TestRunner@2a54a73f</td></tr>
<tr>
<td title='com.uitesting.runner.TestRunner.runScenario()'><b>runScenario</b><br>Test class: com.uitesting.runner.TestRunner<br>Test method: Runs Cucumber Scenarios<br>Parameters: "Back to Home page", "Agent Front End"</td>
<td></td>
<td>20</td>
<td>com.uitesting.runner.TestRunner@2a54a73f</td></tr>
<tr>
<td title='com.uitesting.runner.TestRunner.runScenario()'><b>runScenario</b><br>Test class: com.uitesting.runner.TestRunner<br>Test method: Runs Cucumber Scenarios<br>Parameters: "Hotel search by city", "Agent Front End"</td>
<td></td>
<td>26</td>
<td>com.uitesting.runner.TestRunner@2a54a73f</td></tr>
<tr>
<td title='com.uitesting.runner.TestRunner.runScenario()'><b>runScenario</b><br>Test class: com.uitesting.runner.TestRunner<br>Test method: Runs Cucumber Scenarios<br>Parameters: "front Login page title", "Customer Front End"</td>
<td></td>
<td>13</td>
<td>com.uitesting.runner.TestRunner@2a54a73f</td></tr>
<tr>
<td title='com.uitesting.runner.TestRunner.runScenario()'><b>runScenario</b><br>Test class: com.uitesting.runner.TestRunner<br>Test method: Runs Cucumber Scenarios<br>Parameters: "invalid login", "Customer Front End"</td>
<td></td>
<td>14</td>
<td>com.uitesting.runner.TestRunner@2a54a73f</td></tr>
<tr>
<td title='com.uitesting.runner.TestRunner.runScenario()'><b>runScenario</b><br>Test class: com.uitesting.runner.TestRunner<br>Test method: Runs Cucumber Scenarios<br>Parameters: "valid login", "Customer Front End"</td>
<td></td>
<td>15</td>
<td>com.uitesting.runner.TestRunner@2a54a73f</td></tr>
<tr>
<td title='com.uitesting.runner.TestRunner.runScenario()'><b>runScenario</b><br>Test class: com.uitesting.runner.TestRunner<br>Test method: Runs Cucumber Scenarios<br>Parameters: "My Bookings", "Customer Front End"</td>
<td></td>
<td>16</td>
<td>com.uitesting.runner.TestRunner@2a54a73f</td></tr>
<tr>
<td title='com.uitesting.runner.TestRunner.runScenario()'><b>runScenario</b><br>Test class: com.uitesting.runner.TestRunner<br>Test method: Runs Cucumber Scenarios<br>Parameters: "Add Funds", "Customer Front End"</td>
<td></td>
<td>20</td>
<td>com.uitesting.runner.TestRunner@2a54a73f</td></tr>
<tr>
<td title='com.uitesting.runner.TestRunner.runScenario()'><b>runScenario</b><br>Test class: com.uitesting.runner.TestRunner<br>Test method: Runs Cucumber Scenarios<br>Parameters: "My Profile", "Customer Front End"</td>
<td></td>
<td>35</td>
<td>com.uitesting.runner.TestRunner@2a54a73f</td></tr>
<tr>
<td title='com.uitesting.runner.TestRunner.runScenario()'><b>runScenario</b><br>Test class: com.uitesting.runner.TestRunner<br>Test method: Runs Cucumber Scenarios<br>Parameters: "Logout", "Customer Front End"</td>
<td></td>
<td>20</td>
<td>com.uitesting.runner.TestRunner@2a54a73f</td></tr>
<tr>
<td title='com.uitesting.runner.TestRunner.runScenario()'><b>runScenario</b><br>Test class: com.uitesting.runner.TestRunner<br>Test method: Runs Cucumber Scenarios<br>Parameters: "View Voucher", "Customer Front End"</td>
<td></td>
<td>25</td>
<td>com.uitesting.runner.TestRunner@2a54a73f</td></tr>
<tr>
<td title='com.uitesting.runner.TestRunner.runScenario()'><b>runScenario</b><br>Test class: com.uitesting.runner.TestRunner<br>Test method: Runs Cucumber Scenarios<br>Parameters: "Payment", "Customer Front End"</td>
<td></td>
<td>26</td>
<td>com.uitesting.runner.TestRunner@2a54a73f</td></tr>
<tr>
<td title='com.uitesting.runner.TestRunner.runScenario()'><b>runScenario</b><br>Test class: com.uitesting.runner.TestRunner<br>Test method: Runs Cucumber Scenarios<br>Parameters: "Address field update in profile", "Customer Front End"</td>
<td></td>
<td>21</td>
<td>com.uitesting.runner.TestRunner@2a54a73f</td></tr>
<tr>
<td title='com.uitesting.runner.TestRunner.runScenario()'><b>runScenario</b><br>Test class: com.uitesting.runner.TestRunner<br>Test method: Runs Cucumber Scenarios<br>Parameters: "Supplier login Page title", "Supplier Back End"</td>
<td></td>
<td>16</td>
<td>com.uitesting.runner.TestRunner@2a54a73f</td></tr>
<tr>
<td title='com.uitesting.runner.TestRunner.runScenario()'><b>runScenario</b><br>Test class: com.uitesting.runner.TestRunner<br>Test method: Runs Cucumber Scenarios<br>Parameters: "Supplier invalid login without data", "Supplier Back End"</td>
<td></td>
<td>15</td>
<td>com.uitesting.runner.TestRunner@2a54a73f</td></tr>
<tr>
<td title='com.uitesting.runner.TestRunner.runScenario()'><b>runScenario</b><br>Test class: com.uitesting.runner.TestRunner<br>Test method: Runs Cucumber Scenarios<br>Parameters: "Supplier invalid login with password only", "Supplier Back End"</td>
<td></td>
<td>14</td>
<td>com.uitesting.runner.TestRunner@2a54a73f</td></tr>
<tr>
<td title='com.uitesting.runner.TestRunner.runScenario()'><b>runScenario</b><br>Test class: com.uitesting.runner.TestRunner<br>Test method: Runs Cucumber Scenarios<br>Parameters: "Supplier invalid login with invalid credential", "Supplier Back End"</td>
<td></td>
<td>15</td>
<td>com.uitesting.runner.TestRunner@2a54a73f</td></tr>
<tr>
<td title='com.uitesting.runner.TestRunner.runScenario()'><b>runScenario</b><br>Test class: com.uitesting.runner.TestRunner<br>Test method: Runs Cucumber Scenarios<br>Parameters: "Supplier invalid login with invalid password", "Supplier Back End"</td>
<td></td>
<td>16</td>
<td>com.uitesting.runner.TestRunner@2a54a73f</td></tr>
<tr>
<td title='com.uitesting.runner.TestRunner.runScenario()'><b>runScenario</b><br>Test class: com.uitesting.runner.TestRunner<br>Test method: Runs Cucumber Scenarios<br>Parameters: "Supplier valid login", "Supplier Back End"</td>
<td></td>
<td>17</td>
<td>com.uitesting.runner.TestRunner@2a54a73f</td></tr>
<tr>
<td title='com.uitesting.runner.TestRunner.runScenario()'><b>runScenario</b><br>Test class: com.uitesting.runner.TestRunner<br>Test method: Runs Cucumber Scenarios<br>Parameters: "Sales overview & summary", "Supplier Back End"</td>
<td></td>
<td>15</td>
<td>com.uitesting.runner.TestRunner@2a54a73f</td></tr>
<tr>
<td title='com.uitesting.runner.TestRunner.runScenario()'><b>runScenario</b><br>Test class: com.uitesting.runner.TestRunner<br>Test method: Runs Cucumber Scenarios<br>Parameters: "Revenue Breakdown", "Supplier Back End"</td>
<td></td>
<td>15</td>
<td>com.uitesting.runner.TestRunner@2a54a73f</td></tr>
<tr>
<td title='com.uitesting.runner.TestRunner.runScenario()'><b>runScenario</b><br>Test class: com.uitesting.runner.TestRunner<br>Test method: Runs Cucumber Scenarios<br>Parameters: "Manage Tours", "Supplier Back End"</td>
<td></td>
<td>17</td>
<td>com.uitesting.runner.TestRunner@2a54a73f</td></tr>
</table><p>
</body>
</html>