<?xml version="1.0" encoding="UTF-8"?>
<!-- Generated by org.testng.reporters.JUnitReportReporter -->
<testsuite hostname="DESKTOP-P2B97J9" failures="2" tests="49" name="com.uitesting.runner.TestRunner" time="1296.863" errors="3" timestamp="2022-05-05T16:02:41 IST" skipped="0">
  <testcase classname="com.uitesting.runner.TestRunner" name="runScenario" time="136.548">
    <failure message="expected [https://www.phptravels.net/api/admin] but found [null]" type="java.lang.AssertionError">
      <![CDATA[java.lang.AssertionError: expected [https://www.phptravels.net/api/admin] but found [null]
at org.testng.Assert.fail(Assert.java:97)
at org.testng.Assert.failNotEquals(Assert.java:969)
at org.testng.Assert.assertEqualsImpl(Assert.java:131)
at org.testng.Assert.assertEquals(Assert.java:118)
at org.testng.Assert.assertEquals(Assert.java:575)
at org.testng.Assert.assertEquals(Assert.java:585)
at com.uitesting.stepdefintions.AdminTestSteps.check_admin_login_page_url_should_be(AdminTestSteps.java:36)
at ✽.check admin login page url should be 'https://www.phptravels.net/api/admin'(file:///D:/eclipse-java-2022-03%20workspace/ui_t5/src/test/resources/features/Admin.feature:8)
]]>
    </failure>
  </testcase> <!-- runScenario -->
  <system-out/>
  <testcase classname="com.uitesting.runner.TestRunner" name="runScenario" time="32.523"/>
  <system-out/>
  <testcase classname="com.uitesting.runner.TestRunner" name="runScenario" time="31.084"/>
  <system-out/>
  <testcase classname="com.uitesting.runner.TestRunner" name="runScenario" time="24.125"/>
  <system-out/>
  <testcase classname="com.uitesting.runner.TestRunner" name="runScenario" time="16.399"/>
  <system-out/>
  <testcase classname="com.uitesting.runner.TestRunner" name="runScenario" time="15.105"/>
  <system-out/>
  <testcase classname="com.uitesting.runner.TestRunner" name="runScenario" time="35.892"/>
  <system-out/>
  <testcase classname="com.uitesting.runner.TestRunner" name="runScenario" time="15.651"/>
  <system-out/>
  <testcase classname="com.uitesting.runner.TestRunner" name="runScenario" time="33.258"/>
  <system-out/>
  <testcase classname="com.uitesting.runner.TestRunner" name="runScenario" time="26.541"/>
  <system-out/>
  <testcase classname="com.uitesting.runner.TestRunner" name="runScenario" time="31.740"/>
  <system-out/>
  <testcase classname="com.uitesting.runner.TestRunner" name="runScenario" time="14.150"/>
  <system-out/>
  <testcase classname="com.uitesting.runner.TestRunner" name="runScenario" time="15.821"/>
  <system-out/>
  <testcase classname="com.uitesting.runner.TestRunner" name="runScenario" time="17.409"/>
  <system-out/>
  <testcase classname="com.uitesting.runner.TestRunner" name="runScenario" time="15.063"/>
  <system-out/>
  <testcase classname="com.uitesting.runner.TestRunner" name="runScenario" time="22.903"/>
  <system-out/>
  <testcase classname="com.uitesting.runner.TestRunner" name="runScenario" time="20.120"/>
  <system-out/>
  <testcase classname="com.uitesting.runner.TestRunner" name="runScenario" time="25.861"/>
  <system-out/>
  <testcase classname="com.uitesting.runner.TestRunner" name="runScenario" time="20.153"/>
  <system-out/>
  <testcase classname="com.uitesting.runner.TestRunner" name="runScenario" time="29.314">
    <error message="no such alert
  (Session info: chrome=100.0.4896.127)
Build info: version: &#039;3.141.59&#039;, revision: &#039;e82be7d358&#039;, time: &#039;2018-11-14T08:17:03&#039;
System info: host: &#039;DESKTOP-P2B97J9&#039;, ip: &#039;192.168.1.14&#039;, os.name: &#039;Windows 10&#039;, os.arch: &#039;amd64&#039;, os.version: &#039;10.0&#039;, java.version: &#039;17.0.2&#039;
Driver info: org.openqa.selenium.chrome.ChromeDriver
Capabilities {acceptInsecureCerts: false, browserName: chrome, browserVersion: 100.0.4896.127, chrome: {chromedriverVersion: 100.0.4896.60 (6a5d10861ce8..., userDataDir: C:\Users\DELL\AppData\Local...}, goog:chromeOptions: {debuggerAddress: localhost:59838}, javascriptEnabled: true, networkConnectionEnabled: false, pageLoadStrategy: normal, platform: WINDOWS, platformName: WINDOWS, proxy: Proxy(), setWindowRect: true, strictFileInteractability: false, timeouts: {implicit: 0, pageLoad: 300000, script: 30000}, unhandledPromptBehavior: dismiss and notify, webauthn:extension:credBlob: true, webauthn:extension:largeBlob: true, webauthn:virtualAuthenticators: true}
Session ID: 8d2710aa5c7a883bcd91b13101dfeacd" type="org.openqa.selenium.NoAlertPresentException">
      <![CDATA[org.openqa.selenium.NoAlertPresentException: no such alert
  (Session info: chrome=100.0.4896.127)
Build info: version: '3.141.59', revision: 'e82be7d358', time: '2018-11-14T08:17:03'
System info: host: 'DESKTOP-P2B97J9', ip: '192.168.1.14', os.name: 'Windows 10', os.arch: 'amd64', os.version: '10.0', java.version: '17.0.2'
Driver info: org.openqa.selenium.chrome.ChromeDriver
Capabilities {acceptInsecureCerts: false, browserName: chrome, browserVersion: 100.0.4896.127, chrome: {chromedriverVersion: 100.0.4896.60 (6a5d10861ce8..., userDataDir: C:\Users\DELL\AppData\Local...}, goog:chromeOptions: {debuggerAddress: localhost:59838}, javascriptEnabled: true, networkConnectionEnabled: false, pageLoadStrategy: normal, platform: WINDOWS, platformName: WINDOWS, proxy: Proxy(), setWindowRect: true, strictFileInteractability: false, timeouts: {implicit: 0, pageLoad: 300000, script: 30000}, unhandledPromptBehavior: dismiss and notify, webauthn:extension:credBlob: true, webauthn:extension:largeBlob: true, webauthn:virtualAuthenticators: true}
Session ID: 8d2710aa5c7a883bcd91b13101dfeacd
at java.base/jdk.internal.reflect.NativeConstructorAccessorImpl.newInstance0(Native Method)
at java.base/jdk.internal.reflect.NativeConstructorAccessorImpl.newInstance(NativeConstructorAccessorImpl.java:77)
at java.base/jdk.internal.reflect.DelegatingConstructorAccessorImpl.newInstance(DelegatingConstructorAccessorImpl.java:45)
at java.base/java.lang.reflect.Constructor.newInstanceWithCaller(Constructor.java:499)
at java.base/java.lang.reflect.Constructor.newInstance(Constructor.java:480)
at org.openqa.selenium.remote.http.W3CHttpResponseCodec.createException(W3CHttpResponseCodec.java:187)
at org.openqa.selenium.remote.http.W3CHttpResponseCodec.decode(W3CHttpResponseCodec.java:122)
at org.openqa.selenium.remote.http.W3CHttpResponseCodec.decode(W3CHttpResponseCodec.java:49)
at org.openqa.selenium.remote.HttpCommandExecutor.execute(HttpCommandExecutor.java:158)
at org.openqa.selenium.remote.service.DriverCommandExecutor.execute(DriverCommandExecutor.java:83)
at org.openqa.selenium.remote.RemoteWebDriver.execute(RemoteWebDriver.java:552)
at org.openqa.selenium.remote.RemoteWebDriver.execute(RemoteWebDriver.java:609)
at org.openqa.selenium.remote.RemoteWebDriver$RemoteTargetLocator.alert(RemoteWebDriver.java:932)
at com.uitesting.pages.AdminBookingsPage.alert(AdminBookingsPage.java:96)
at com.uitesting.stepdefintions.AdminTestSteps.an_alert_is_open(AdminTestSteps.java:165)
at ✽.an alert is open(file:///D:/eclipse-java-2022-03%20workspace/ui_t5/src/test/resources/features/Admin.feature:139)
]]>
    </error>
  </testcase> <!-- runScenario -->
  <system-out/>
  <testcase classname="com.uitesting.runner.TestRunner" name="runScenario" time="108.764">
    <error message="Expected condition failed: waiting for visibility of element located by By.xpath: //h1[contains(text(),&#039;Dashboard&#039;)] (tried for 10 second(s) with 500 milliseconds interval)" type="org.openqa.selenium.TimeoutException">
      <![CDATA[org.openqa.selenium.TimeoutException: Expected condition failed: waiting for visibility of element located by By.xpath: //h1[contains(text(),'Dashboard')] (tried for 10 second(s) with 500 milliseconds interval)
at org.openqa.selenium.support.ui.WebDriverWait.timeoutException(WebDriverWait.java:95)
at org.openqa.selenium.support.ui.FluentWait.until(FluentWait.java:272)
at com.uitesting.util.PageUtil.explicitlyWait(PageUtil.java:79)
at com.uitesting.pages.AdminBookingsPage.clickOnDahboard(AdminBookingsPage.java:104)
at com.uitesting.stepdefintions.AdminTestSteps.the_count_on_booking_status_pending_is_less_by_one_compare_with_previous_count(AdminTestSteps.java:147)
at ✽.the count on booking status pending is less by one compare with previous count(file:///D:/eclipse-java-2022-03%20workspace/ui_t5/src/test/resources/features/Admin.feature:107)
Caused by: org.openqa.selenium.NoSuchElementException: no such element: Unable to locate element: {"method":"xpath","selector":"//h1[contains(text(),'Dashboard')]"}
  (Session info: chrome=100.0.4896.127)
For documentation on this error, please visit: https://www.seleniumhq.org/exceptions/no_such_element.html
Build info: version: '3.141.59', revision: 'e82be7d358', time: '2018-11-14T08:17:03'
System info: host: 'DESKTOP-P2B97J9', ip: '192.168.1.14', os.name: 'Windows 10', os.arch: 'amd64', os.version: '10.0', java.version: '17.0.2'
Driver info: org.openqa.selenium.chrome.ChromeDriver
Capabilities {acceptInsecureCerts: false, browserName: chrome, browserVersion: 100.0.4896.127, chrome: {chromedriverVersion: 100.0.4896.60 (6a5d10861ce8..., userDataDir: C:\Users\DELL\AppData\Local...}, goog:chromeOptions: {debuggerAddress: localhost:59736}, javascriptEnabled: true, networkConnectionEnabled: false, pageLoadStrategy: normal, platform: WINDOWS, platformName: WINDOWS, proxy: Proxy(), setWindowRect: true, strictFileInteractability: false, timeouts: {implicit: 0, pageLoad: 300000, script: 30000}, unhandledPromptBehavior: dismiss and notify, webauthn:extension:credBlob: true, webauthn:extension:largeBlob: true, webauthn:virtualAuthenticators: true}
Session ID: 3b17b23ec5ea87b21ca0633802cf144e
*** Element info: {Using=xpath, value=//h1[contains(text(),'Dashboard')]}
at java.base/jdk.internal.reflect.NativeConstructorAccessorImpl.newInstance0(Native Method)
at java.base/jdk.internal.reflect.NativeConstructorAccessorImpl.newInstance(NativeConstructorAccessorImpl.java:77)
at java.base/jdk.internal.reflect.DelegatingConstructorAccessorImpl.newInstance(DelegatingConstructorAccessorImpl.java:45)
at java.base/java.lang.reflect.Constructor.newInstanceWithCaller(Constructor.java:499)
at java.base/java.lang.reflect.Constructor.newInstance(Constructor.java:480)
at org.openqa.selenium.remote.http.W3CHttpResponseCodec.createException(W3CHttpResponseCodec.java:187)
at org.openqa.selenium.remote.http.W3CHttpResponseCodec.decode(W3CHttpResponseCodec.java:122)
at org.openqa.selenium.remote.http.W3CHttpResponseCodec.decode(W3CHttpResponseCodec.java:49)
at org.openqa.selenium.remote.HttpCommandExecutor.execute(HttpCommandExecutor.java:158)
at org.openqa.selenium.remote.service.DriverCommandExecutor.execute(DriverCommandExecutor.java:83)
at org.openqa.selenium.remote.RemoteWebDriver.execute(RemoteWebDriver.java:552)
at org.openqa.selenium.remote.RemoteWebDriver.findElement(RemoteWebDriver.java:323)
at org.openqa.selenium.remote.RemoteWebDriver.findElementByXPath(RemoteWebDriver.java:428)
at org.openqa.selenium.By$ByXPath.findElement(By.java:353)
at org.openqa.selenium.remote.RemoteWebDriver.findElement(RemoteWebDriver.java:315)
at org.openqa.selenium.support.ui.ExpectedConditions$7.apply(ExpectedConditions.java:205)
at org.openqa.selenium.support.ui.ExpectedConditions$7.apply(ExpectedConditions.java:201)
at org.openqa.selenium.support.ui.FluentWait.until(FluentWait.java:249)
at com.uitesting.util.PageUtil.explicitlyWait(PageUtil.java:79)
at com.uitesting.pages.AdminBookingsPage.clickOnDahboard(AdminBookingsPage.java:104)
at com.uitesting.stepdefintions.AdminTestSteps.the_count_on_booking_status_pending_is_less_by_one_compare_with_previous_count(AdminTestSteps.java:147)
at java.base/jdk.internal.reflect.NativeMethodAccessorImpl.invoke0(Native Method)
at java.base/jdk.internal.reflect.NativeMethodAccessorImpl.invoke(NativeMethodAccessorImpl.java:77)
at java.base/jdk.internal.reflect.DelegatingMethodAccessorImpl.invoke(DelegatingMethodAccessorImpl.java:43)
at java.base/java.lang.reflect.Method.invoke(Method.java:568)
at io.cucumber.java.Invoker.invoke(Invoker.java:27)
at io.cucumber.java.JavaStepDefinition.execute(JavaStepDefinition.java:27)
at io.cucumber.core.runner.PickleStepDefinitionMatch.runStep(PickleStepDefinitionMatch.java:63)
at io.cucumber.core.runner.TestStep.executeStep(TestStep.java:64)
at io.cucumber.core.runner.TestStep.run(TestStep.java:49)
at io.cucumber.core.runner.PickleStepTestStep.run(PickleStepTestStep.java:46)
at io.cucumber.core.runner.TestCase.run(TestCase.java:51)
at io.cucumber.core.runner.Runner.runPickle(Runner.java:67)
at io.cucumber.testng.TestNGCucumberRunner.runScenario(TestNGCucumberRunner.java:124)
at io.cucumber.testng.AbstractTestNGCucumberTests.runScenario(AbstractTestNGCucumberTests.java:29)
at java.base/jdk.internal.reflect.NativeMethodAccessorImpl.invoke0(Native Method)
at java.base/jdk.internal.reflect.NativeMethodAccessorImpl.invoke(NativeMethodAccessorImpl.java:77)
at java.base/jdk.internal.reflect.DelegatingMethodAccessorImpl.invoke(DelegatingMethodAccessorImpl.java:43)
at java.base/java.lang.reflect.Method.invoke(Method.java:568)
at org.testng.internal.MethodInvocationHelper.invokeMethod(MethodInvocationHelper.java:134)
at org.testng.internal.TestInvoker.invokeMethod(TestInvoker.java:597)
at org.testng.internal.TestInvoker.invokeTestMethod(TestInvoker.java:173)
at org.testng.internal.MethodRunner.runInSequence(MethodRunner.java:46)
at org.testng.internal.TestInvoker$MethodInvocationAgent.invoke(TestInvoker.java:816)
at org.testng.internal.TestInvoker.invokeTestMethods(TestInvoker.java:146)
at org.testng.internal.TestMethodWorker.invokeTestMethods(TestMethodWorker.java:146)
at org.testng.internal.TestMethodWorker.run(TestMethodWorker.java:128)
at java.base/java.util.ArrayList.forEach(ArrayList.java:1511)
at org.testng.TestRunner.privateRun(TestRunner.java:766)
at org.testng.TestRunner.run(TestRunner.java:587)
at org.testng.SuiteRunner.runTest(SuiteRunner.java:384)
at org.testng.SuiteRunner.runSequentially(SuiteRunner.java:378)
at org.testng.SuiteRunner.privateRun(SuiteRunner.java:337)
at org.testng.SuiteRunner.run(SuiteRunner.java:286)
at org.testng.SuiteRunnerWorker.runSuite(SuiteRunnerWorker.java:53)
at org.testng.SuiteRunnerWorker.run(SuiteRunnerWorker.java:96)
at org.testng.TestNG.runSuitesSequentially(TestNG.java:1187)
at org.testng.TestNG.runSuitesLocally(TestNG.java:1109)
at org.testng.TestNG.runSuites(TestNG.java:1039)
at org.testng.TestNG.run(TestNG.java:1007)
at org.testng.remote.AbstractRemoteTestNG.run(AbstractRemoteTestNG.java:115)
at org.testng.remote.RemoteTestNG.initAndRun(RemoteTestNG.java:251)
at org.testng.remote.RemoteTestNG.main(RemoteTestNG.java:77)
]]>
    </error>
  </testcase> <!-- runScenario -->
  <system-out/>
  <testcase classname="com.uitesting.runner.TestRunner" name="runScenario" time="67.205">
    <error message="element not interactable
  (Session info: chrome=100.0.4896.127)
Build info: version: &#039;3.141.59&#039;, revision: &#039;e82be7d358&#039;, time: &#039;2018-11-14T08:17:03&#039;
System info: host: &#039;DESKTOP-P2B97J9&#039;, ip: &#039;192.168.1.14&#039;, os.name: &#039;Windows 10&#039;, os.arch: &#039;amd64&#039;, os.version: &#039;10.0&#039;, java.version: &#039;17.0.2&#039;
Driver info: org.openqa.selenium.chrome.ChromeDriver
Capabilities {acceptInsecureCerts: false, browserName: chrome, browserVersion: 100.0.4896.127, chrome: {chromedriverVersion: 100.0.4896.60 (6a5d10861ce8..., userDataDir: C:\Users\DELL\AppData\Local...}, goog:chromeOptions: {debuggerAddress: localhost:61528}, javascriptEnabled: true, networkConnectionEnabled: false, pageLoadStrategy: normal, platform: WINDOWS, platformName: WINDOWS, proxy: Proxy(), setWindowRect: true, strictFileInteractability: false, timeouts: {implicit: 0, pageLoad: 300000, script: 30000}, unhandledPromptBehavior: dismiss and notify, webauthn:extension:credBlob: true, webauthn:extension:largeBlob: true, webauthn:virtualAuthenticators: true}
Session ID: fffca30bc7851591ddb38787059a88b0" type="org.openqa.selenium.ElementNotInteractableException">
      <![CDATA[org.openqa.selenium.ElementNotInteractableException: element not interactable
  (Session info: chrome=100.0.4896.127)
Build info: version: '3.141.59', revision: 'e82be7d358', time: '2018-11-14T08:17:03'
System info: host: 'DESKTOP-P2B97J9', ip: '192.168.1.14', os.name: 'Windows 10', os.arch: 'amd64', os.version: '10.0', java.version: '17.0.2'
Driver info: org.openqa.selenium.chrome.ChromeDriver
Capabilities {acceptInsecureCerts: false, browserName: chrome, browserVersion: 100.0.4896.127, chrome: {chromedriverVersion: 100.0.4896.60 (6a5d10861ce8..., userDataDir: C:\Users\DELL\AppData\Local...}, goog:chromeOptions: {debuggerAddress: localhost:61528}, javascriptEnabled: true, networkConnectionEnabled: false, pageLoadStrategy: normal, platform: WINDOWS, platformName: WINDOWS, proxy: Proxy(), setWindowRect: true, strictFileInteractability: false, timeouts: {implicit: 0, pageLoad: 300000, script: 30000}, unhandledPromptBehavior: dismiss and notify, webauthn:extension:credBlob: true, webauthn:extension:largeBlob: true, webauthn:virtualAuthenticators: true}
Session ID: fffca30bc7851591ddb38787059a88b0
at java.base/jdk.internal.reflect.NativeConstructorAccessorImpl.newInstance0(Native Method)
at java.base/jdk.internal.reflect.NativeConstructorAccessorImpl.newInstance(NativeConstructorAccessorImpl.java:77)
at java.base/jdk.internal.reflect.DelegatingConstructorAccessorImpl.newInstance(DelegatingConstructorAccessorImpl.java:45)
at java.base/java.lang.reflect.Constructor.newInstanceWithCaller(Constructor.java:499)
at java.base/java.lang.reflect.Constructor.newInstance(Constructor.java:480)
at org.openqa.selenium.remote.http.W3CHttpResponseCodec.createException(W3CHttpResponseCodec.java:187)
at org.openqa.selenium.remote.http.W3CHttpResponseCodec.decode(W3CHttpResponseCodec.java:122)
at org.openqa.selenium.remote.http.W3CHttpResponseCodec.decode(W3CHttpResponseCodec.java:49)
at org.openqa.selenium.remote.HttpCommandExecutor.execute(HttpCommandExecutor.java:158)
at org.openqa.selenium.remote.service.DriverCommandExecutor.execute(DriverCommandExecutor.java:83)
at org.openqa.selenium.remote.RemoteWebDriver.execute(RemoteWebDriver.java:552)
at org.openqa.selenium.remote.RemoteWebElement.execute(RemoteWebElement.java:285)
at org.openqa.selenium.remote.RemoteWebElement.click(RemoteWebElement.java:84)
at com.uitesting.pages.SupplierDashboardPage.clickOnElement(SupplierDashboardPage.java:63)
at com.uitesting.stepdefintions.SupplierTestSteps.supplier_click_on_Extras(SupplierTestSteps.java:139)
at ✽.supplier click on Extras 'Extras'(file:///D:/eclipse-java-2022-03%20workspace/ui_t5/src/test/resources/features/Supplier.feature:106)
]]>
    </error>
  </testcase> <!-- runScenario -->
  <system-out/>
  <testcase classname="com.uitesting.runner.TestRunner" name="runScenario" time="29.143"/>
  <system-out/>
  <testcase classname="com.uitesting.runner.TestRunner" name="runScenario" time="24.400"/>
  <system-out/>
  <testcase classname="com.uitesting.runner.TestRunner" name="runScenario" time="13.222"/>
  <system-out/>
  <testcase classname="com.uitesting.runner.TestRunner" name="runScenario" time="17.924"/>
  <system-out/>
  <testcase classname="com.uitesting.runner.TestRunner" name="runScenario" time="23.111"/>
  <system-out/>
  <testcase classname="com.uitesting.runner.TestRunner" name="runScenario" time="21.236"/>
  <system-out/>
  <testcase classname="com.uitesting.runner.TestRunner" name="runScenario" time="16.079"/>
  <system-out/>
  <testcase classname="com.uitesting.runner.TestRunner" name="runScenario" time="20.198"/>
  <system-out/>
  <testcase classname="com.uitesting.runner.TestRunner" name="runScenario" time="15.556"/>
  <system-out/>
  <testcase classname="com.uitesting.runner.TestRunner" name="runScenario" time="28.032"/>
  <system-out/>
  <testcase classname="com.uitesting.runner.TestRunner" name="runScenario" time="26.388"/>
  <system-out/>
  <testcase classname="com.uitesting.runner.TestRunner" name="runScenario" time="16.033"/>
  <system-out/>
  <testcase classname="com.uitesting.runner.TestRunner" name="runScenario" time="18.436"/>
  <system-out/>
  <testcase classname="com.uitesting.runner.TestRunner" name="runScenario" time="16.827"/>
  <system-out/>
  <testcase classname="com.uitesting.runner.TestRunner" name="runScenario" time="18.077"/>
  <system-out/>
  <testcase classname="com.uitesting.runner.TestRunner" name="runScenario" time="21.421"/>
  <system-out/>
  <testcase classname="com.uitesting.runner.TestRunner" name="runScenario" time="16.426"/>
  <system-out/>
  <testcase classname="com.uitesting.runner.TestRunner" name="runScenario" time="17.871"/>
  <system-out/>
  <testcase classname="com.uitesting.runner.TestRunner" name="runScenario" time="21.955"/>
  <system-out/>
  <testcase classname="com.uitesting.runner.TestRunner" name="runScenario" time="27.463"/>
  <system-out/>
  <testcase classname="com.uitesting.runner.TestRunner" name="runScenario" time="17.978"/>
  <system-out/>
  <testcase classname="com.uitesting.runner.TestRunner" name="runScenario" time="15.109"/>
  <system-out/>
  <testcase classname="com.uitesting.runner.TestRunner" name="runScenario" time="20.119">
    <failure message="expected [https://www.phptravels.net/api/supplier/bookings] but found [Error]" type="java.lang.AssertionError">
      <![CDATA[java.lang.AssertionError: expected [https://www.phptravels.net/api/supplier/bookings] but found [Error]
at org.testng.Assert.fail(Assert.java:97)
at org.testng.Assert.assertEqualsImpl(Assert.java:136)
at org.testng.Assert.assertEquals(Assert.java:118)
at org.testng.Assert.assertEquals(Assert.java:575)
at org.testng.Assert.assertEquals(Assert.java:585)
at com.uitesting.stepdefintions.SupplierTestSteps.supplier_should_redirect_to_the_Bookings_page_with_url(SupplierTestSteps.java:155)
at ✽.supplier should redirect to the Bookings page with url 'https://www.phptravels.net/api/supplier/bookings'(file:///D:/eclipse-java-2022-03%20workspace/ui_t5/src/test/resources/features/Supplier.feature:119)
]]>
    </failure>
  </testcase> <!-- runScenario -->
  <system-out/>
  <testcase classname="com.uitesting.runner.TestRunner" name="runScenario" time="26.588"/>
  <system-out/>
  <testcase classname="com.uitesting.runner.TestRunner" name="runScenario" time="19.878"/>
  <system-out/>
  <testcase classname="com.uitesting.runner.TestRunner" name="runScenario" time="17.454"/>
  <system-out/>
  <testcase classname="com.uitesting.runner.TestRunner" name="runScenario" time="14.310"/>
  <system-out/>
</testsuite> <!-- com.uitesting.runner.TestRunner -->
